M1         | (1416.1, 4.5)
M1         | (1416.1, 6.3)
M1         | (1416.1, 8.1)
M1         | (1416.1, 9.9)
M1         | (1416.1, 11.7)
M6         | (1209.54, 280.885)
M6         | (1226.54, 280.885)
M6         | (1289.48, 280.885)
M6         | (986.7, 280.885)
M6         | (1049.64, 280.885)
M6         | (1066.64, 280.885)
M6         | (1129.59, 280.885)
M6         | (1146.59, 280.885)
M6         | (755.935, 280.885)
M6         | (772.935, 280.885)
M6         | (835.88, 280.885)
M6         | (533.1, 280.885)
M6         | (596.045, 280.885)
M6         | (613.045, 280.885)
M6         | (675.99, 280.885)
M6         | (692.99, 280.885)
M6         | (302.335, 280.885)
M6         | (319.335, 280.885)
M6         | (382.28, 280.885)
M6         | (239.39, 280.885)
M6         | (79.5, 280.885)
M6         | (142.445, 280.885)
M6         | (159.445, 280.885)
M6         | (222.39, 280.885)
M8         | (1307.75, 702)
M8         | (1307.75, 564.35)
M8         | (1307.75, 618.35)
M8         | (1307.75, 672.35)
M8         | (965.85, 702)
M8         | (965.85, 564.35)
M8         | (965.85, 618.35)
M8         | (965.85, 672.35)
M8         | (854.15, 702)
M8         | (854.15, 564.35)
M8         | (854.15, 618.35)
M8         | (854.15, 672.35)
M8         | (512.25, 702)
M8         | (512.25, 564.35)
M8         | (512.25, 618.35)
M8         | (512.25, 672.35)
M8         | (400.55, 702)
M8         | (400.55, 564.35)
M8         | (400.55, 618.35)
M8         | (400.55, 672.35)
M8         | (58.65, 702)
M8         | (58.65, 564.35)
M8         | (58.65, 618.35)
M8         | (58.65, 672.35)
M8         | (1307.75, 510.35)
M8         | (1307.75, 348.35)
M8         | (1307.75, 402.35)
M8         | (1307.75, 456.35)
M8         | (965.85, 510.35)
M8         | (965.85, 348.35)
M8         | (965.85, 402.35)
M8         | (965.85, 456.35)
M8         | (854.15, 510.35)
M8         | (854.15, 348.35)
M8         | (854.15, 402.35)
M8         | (854.15, 456.35)
M8         | (512.25, 510.35)
M8         | (512.25, 348.35)
M8         | (512.25, 402.35)
M8         | (512.25, 456.35)
M8         | (400.55, 510.35)
M8         | (400.55, 348.35)
M8         | (400.55, 402.35)
M8         | (400.55, 456.35)
M8         | (58.65, 510.35)
M8         | (58.65, 348.35)
M8         | (58.65, 402.35)
M8         | (58.65, 456.35)
M8         | (1313.05, 702)
M8         | (1386.15, 702)
M8         | (1402.5, 695.7)
M8         | (1307.75, 294.35)
M8         | (960.55, 702)
M8         | (965.85, 294.35)
M8         | (859.45, 702)
M8         | (932.55, 702)
M8         | (937.85, 702)
M8         | (854.15, 294.35)
M8         | (937.85, 78.35)
M8         | (484.25, 702)
M8         | (506.95, 702)
M8         | (512.25, 294.35)
M8         | (484.25, 78.35)
M8         | (478.95, 702)
M8         | (405.85, 702)
M8         | (400.55, 294.35)
M8         | (14.3, 701.1)
M8         | (30.65, 702)
M8         | (53.35, 702)
M8         | (58.65, 294.35)
M8         | (30.65, 78.35)
M8         | (1307.75, 1404)
M8         | (1307.75, 1320.35)
M8         | (1307.75, 1374.35)
M8         | (965.85, 1404)
M8         | (965.85, 1320.35)
M8         | (965.85, 1374.35)
M8         | (854.15, 1404)
M8         | (854.15, 1320.35)
M8         | (854.15, 1374.35)
M8         | (400.55, 1404)
M8         | (512.25, 1404)
M8         | (400.55, 1320.35)
M8         | (400.55, 1374.35)
M8         | (512.25, 1320.35)
M8         | (512.25, 1374.35)
M8         | (58.65, 1404)
M8         | (58.65, 1320.35)
M8         | (58.65, 1374.35)
M8         | (1307.75, 1266.35)
M8         | (1307.75, 1104.35)
M8         | (1307.75, 1158.35)
M8         | (1307.75, 1212.35)
M8         | (965.85, 1266.35)
M8         | (965.85, 1104.35)
M8         | (965.85, 1158.35)
M8         | (965.85, 1212.35)
M8         | (854.15, 1266.35)
M8         | (854.15, 1104.35)
M8         | (854.15, 1158.35)
M8         | (854.15, 1212.35)
M8         | (400.55, 1266.35)
M8         | (512.25, 1266.35)
M8         | (400.55, 1104.35)
M8         | (400.55, 1158.35)
M8         | (400.55, 1212.35)
M8         | (512.25, 1104.35)
M8         | (512.25, 1158.35)
M8         | (512.25, 1212.35)
M8         | (58.65, 1266.35)
M8         | (58.65, 1104.35)
M8         | (58.65, 1158.35)
M8         | (58.65, 1212.35)
M8         | (1313.05, 1404)
M8         | (1386.15, 1404)
M8         | (1307.75, 1050.35)
M8         | (1307.75, 942.35)
M8         | (932.55, 1404)
M8         | (937.85, 1404)
M8         | (960.55, 1404)
M8         | (965.85, 1050.35)
M8         | (937.85, 996.35)
M8         | (965.85, 942.35)
M8         | (859.45, 1404)
M8         | (854.15, 1050.35)
M8         | (854.15, 942.35)
M8         | (405.85, 1404)
M8         | (478.95, 1404)
M8         | (484.25, 1404)
M8         | (506.95, 1404)
M8         | (400.55, 1050.35)
M8         | (512.25, 1050.35)
M8         | (400.55, 942.35)
M8         | (484.25, 996.35)
M8         | (512.25, 942.35)
M8         | (30.65, 1404)
M8         | (53.35, 1404)
M8         | (58.65, 1050.35)
M8         | (30.65, 996.35)
M8         | (58.65, 942.35)
M8         | (1307.75, 888.35)
M8         | (1307.75, 780.35)
M8         | (1307.75, 834.35)
M8         | (965.85, 888.35)
M8         | (965.85, 780.35)
M8         | (965.85, 834.35)
M8         | (854.15, 888.35)
M8         | (854.15, 780.35)
M8         | (854.15, 834.35)
M8         | (400.55, 888.35)
M8         | (512.25, 888.35)
M8         | (400.55, 780.35)
M8         | (400.55, 834.35)
M8         | (512.25, 780.35)
M8         | (512.25, 834.35)
M8         | (58.65, 888.35)
M8         | (58.65, 780.35)
M8         | (58.65, 834.35)
M6         | (1209.54, 2116.89)
M6         | (1226.54, 2116.89)
M6         | (1289.48, 2116.89)
M6         | (986.7, 2116.89)
M6         | (1049.64, 2116.89)
M6         | (1066.64, 2116.89)
M6         | (1129.59, 2116.89)
M6         | (1146.59, 2116.89)
M6         | (755.935, 2116.89)
M6         | (772.935, 2116.89)
M6         | (835.88, 2116.89)
M6         | (533.1, 2116.89)
M6         | (596.045, 2116.89)
M6         | (613.045, 2116.89)
M6         | (675.99, 2116.89)
M6         | (692.99, 2116.89)
M6         | (302.335, 2116.89)
M6         | (319.335, 2116.89)
M6         | (382.28, 2116.89)
M6         | (239.39, 2116.89)
M6         | (79.5, 2116.89)
M6         | (142.445, 2116.89)
M6         | (159.445, 2116.89)
M6         | (222.39, 2116.89)
M8         | (1307.75, 2106)
M8         | (1313.05, 2106)
M8         | (960.55, 2106)
M8         | (965.85, 2106)
M8         | (854.15, 2106)
M8         | (859.45, 2106)
M8         | (937.85, 2106)
M8         | (484.25, 2106)
M8         | (506.95, 2106)
M8         | (512.25, 2106)
M8         | (400.55, 2106)
M8         | (405.85, 2106)
M8         | (30.65, 2106)
M8         | (53.35, 2106)
M8         | (58.65, 2106)
M8         | (1386.15, 2106)
M8         | (1307.75, 1698.35)
M8         | (1307.75, 1752.35)
M8         | (1307.75, 1806.35)
M8         | (1307.75, 1860.35)
M8         | (965.85, 1698.35)
M8         | (965.85, 1752.35)
M8         | (965.85, 1806.35)
M8         | (965.85, 1860.35)
M8         | (932.55, 2106)
M8         | (937.85, 1914.35)
M8         | (854.15, 1698.35)
M8         | (854.15, 1752.35)
M8         | (854.15, 1806.35)
M8         | (854.15, 1860.35)
M8         | (484.25, 1914.35)
M8         | (512.25, 1698.35)
M8         | (512.25, 1752.35)
M8         | (512.25, 1806.35)
M8         | (512.25, 1860.35)
M8         | (478.95, 2106)
M8         | (400.55, 1698.35)
M8         | (400.55, 1752.35)
M8         | (400.55, 1806.35)
M8         | (400.55, 1860.35)
M8         | (30.65, 1914.35)
M8         | (58.65, 1698.35)
M8         | (58.65, 1752.35)
M8         | (58.65, 1806.35)
M8         | (58.65, 1860.35)
M8         | (1307.75, 1644.35)
M8         | (1307.75, 1482.35)
M8         | (1307.75, 1536.35)
M8         | (1307.75, 1590.35)
M8         | (965.85, 1644.35)
M8         | (965.85, 1482.35)
M8         | (965.85, 1536.35)
M8         | (965.85, 1590.35)
M8         | (854.15, 1644.35)
M8         | (854.15, 1482.35)
M8         | (854.15, 1536.35)
M8         | (854.15, 1590.35)
M8         | (512.25, 1644.35)
M8         | (512.25, 1482.35)
M8         | (512.25, 1536.35)
M8         | (512.25, 1590.35)
M8         | (400.55, 1644.35)
M8         | (400.55, 1482.35)
M8         | (400.55, 1536.35)
M8         | (400.55, 1590.35)
M8         | (58.65, 1644.35)
M8         | (58.65, 1482.35)
M8         | (58.65, 1536.35)
M8         | (58.65, 1590.35)
M1         | (1416.1, 2796.3)
M1         | (1416.1, 2798.1)
M1         | (1416.1, 2799.9)
M1         | (1416.1, 2801.7)
M1         | (1416.1, 2803.5)
M8         | (1307.75, 2724.35)
M8         | (1307.75, 2778.35)
M8         | (854.15, 2724.35)
M8         | (854.15, 2778.35)
M8         | (965.85, 2724.35)
M8         | (965.85, 2778.35)
M8         | (400.55, 2724.35)
M8         | (400.55, 2778.35)
M8         | (512.25, 2724.35)
M8         | (512.25, 2778.35)
M8         | (58.65, 2724.35)
M8         | (58.65, 2778.35)
M8         | (1307.75, 2670.35)
M8         | (1307.75, 2400.35)
M8         | (1307.75, 2454.35)
M8         | (1307.75, 2508.35)
M8         | (1307.75, 2562.35)
M8         | (1307.75, 2616.35)
M8         | (854.15, 2670.35)
M8         | (965.85, 2670.35)
M8         | (854.15, 2400.35)
M8         | (854.15, 2454.35)
M8         | (854.15, 2508.35)
M8         | (854.15, 2562.35)
M8         | (854.15, 2616.35)
M8         | (965.85, 2400.35)
M8         | (965.85, 2454.35)
M8         | (965.85, 2508.35)
M8         | (965.85, 2562.35)
M8         | (965.85, 2616.35)
M8         | (400.55, 2670.35)
M8         | (512.25, 2670.35)
M8         | (400.55, 2400.35)
M8         | (400.55, 2454.35)
M8         | (400.55, 2508.35)
M8         | (400.55, 2562.35)
M8         | (400.55, 2616.35)
M8         | (512.25, 2400.35)
M8         | (512.25, 2454.35)
M8         | (512.25, 2508.35)
M8         | (512.25, 2562.35)
M8         | (512.25, 2616.35)
M8         | (58.65, 2670.35)
M8         | (58.65, 2400.35)
M8         | (58.65, 2454.35)
M8         | (58.65, 2508.35)
M8         | (58.65, 2562.35)
M8         | (58.65, 2616.35)
M8         | (1307.75, 2346.35)
M8         | (1307.75, 2184.35)
M8         | (1307.75, 2238.35)
M8         | (1307.75, 2292.35)
M8         | (854.15, 2346.35)
M8         | (965.85, 2346.35)
M8         | (854.15, 2184.35)
M8         | (854.15, 2238.35)
M8         | (854.15, 2292.35)
M8         | (965.85, 2184.35)
M8         | (965.85, 2238.35)
M8         | (965.85, 2292.35)
M8         | (400.55, 2346.35)
M8         | (512.25, 2346.35)
M8         | (400.55, 2184.35)
M8         | (400.55, 2238.35)
M8         | (400.55, 2292.35)
M8         | (512.25, 2184.35)
M8         | (512.25, 2238.35)
M8         | (512.25, 2292.35)
M8         | (58.65, 2346.35)
M8         | (58.65, 2184.35)
M8         | (58.65, 2238.35)
M8         | (58.65, 2292.35)

Found 357 weakly connected metal segments.

