POWER NET REPORT 
Generated Date: Wed Jun 18 18:35:07 2025
Host Name: 4f5323946af0


==============================
POWER NET 
==============================
Power Net: VSS
Voltage: 0.000
Threshold: 0.100


==============================
POWER-GRID VIEW
==============================
Power-Grid Views Used: 434


==============================
POWER-GRID ATTRIBUTES
==============================
Total Resistor Elements: 4080923
    Please refer to ../VSS/grid.gif for more details
Top-level Resistor Elements:4080923
Cell Library Resistor Elements: 0
Total Number of Current Taps: 431784
    Please refer to ../VSS/tc.gif for more details


==============================
IR DROP ANALYSIS
==============================
Layer based IR Drop Report: See Report
Minimum, Average, Maximum IR drop: 0.000V 33.404mV 85.134mV
    Please refer to ../VSS/ir_linear.gif for more details
Total Static Current Loaded: 0.38357230857945979A
Number of Violations: 0
    Please refer to ../VSS/ir_limit.gif for more details
Minimum, Average, Maximum Vsrc Current: 0.0035524016711860895A, 0.010654786349429438A, 0.021122651174664497A


==============================
EFFECTIVE RESISTANCE ANALYSIS
==============================
Minimum, Average, Maximum Reff: 11.9329567, 76.7920596237024, 580.313049


==============================
CURRENT DENSITY ANALYSIS
==============================
Minimum, Average, Maximum J/Jmax:
Number of Violations: 0
    Please refer to .//CORE_PG_25C_avg_1/Reports/VSS/rj.gif for more details


==============================
POWER SWITCH ANALYSIS
==============================
PowerGate Current I/Idsat violations: 
    Please refer to .//CORE_PG_25C_avg_1/Reports/VSS/pi.gif for more details
Minimum, Average, Maximum I/Idsat (pi): NA, NA, NA
Minimum, Average, Maximum IRdrop Across PowerGate (pv): 0, 0, 0
Power Switch ECO file for Soc Encounter: 


==============================
PACKAGE ANALYSIS
==============================
Voltage Drop Across Package (vu): NA, NA, NA


==============================
CAPACITANCE ANALYSIS
==============================
Decap Optimization method: area  
Total Coupling Capacitance: NA
    Please refer to ../VSS/dd.gif for more details
Grid Coupling Capacitance: NA
Gate Coupling Capacitance (internal): NA
Loading Coupling Capacitance: NA
Capacitance Offered by Placed Decaps: NA
Additional Capacitance Required: 0.000F
    Please refer to ../VSS/dr.gif for more details
Total Feasible Capacitance: 0.000F
Total Leakage Current of Placed Decaps: 0.000A
Total Leakage Current of ECO Decaps: 0.000A
What-if ECO File:   
SoC Encounter ECO File: .//CORE_PG_25C_avg_1//VSS/vs2fe_eco.tcl 


==============================
ADDITIONAL FILES
==============================
Instance Voltage File: .//CORE_PG_25C_avg_1/Reports/VSS/VSS.iv
Dynamic IR drop Waveform File (dynamic): 
Effective Instance Voltage File (dynamic): 

Summary: .//CORE_PG_25C_avg_1//VSS/results 


