* Missing Cell Power-Grid Views

Cell Name
------------------------------------------------------------------


* Physically Disconnected Instances



* Instances with Floating Power Pins


* Disconnected Wire Segments



* Weakly Connected Metal Segments

Layer      | Location (um)
------------------------------------------------------------------
M6         | (482.725, 403.6)
M6         | (521.725, 403.6)
M6         | (577.67, 403.6)
M6         | (546.125, 228.485)
M6         | (331.835, 403.6)
M6         | (387.78, 403.6)
M6         | (426.78, 403.6)
M6         | (357.155, 228.485)
M6         | (452.205, 228.485)
M6         | (197.89, 403.6)
M6         | (236.89, 403.6)
M6         | (292.835, 403.6)
M6         | (168.89, 228.485)
M6         | (263.235, 228.485)
M6         | (47, 403.6)
M6         | (102.945, 403.6)
M6         | (141.945, 403.6)
M6         | (74.6, 228.485)
M6         | (482.725, 204.39)
M6         | (521.725, 204.39)
M6         | (577.67, 204.39)
M6         | (331.835, 204.39)
M6         | (387.78, 204.39)
M6         | (426.78, 204.39)
M6         | (197.89, 204.39)
M6         | (236.89, 204.39)
M6         | (292.835, 204.39)
M6         | (47, 204.39)
M6         | (102.945, 204.39)
M6         | (141.945, 204.39)
M8         | (501.045, 627.2)
M8         | (594.815, 627.2)
M8         | (619.7, 541.9)
M8         | (405.57, 627.2)
M8         | (216.495, 627.2)
M8         | (309.145, 627.2)
M8         | (7.5, 541.9)
M8         | (27.97, 627.2)
M8         | (119.295, 627.2)
M6         | (521.725, 1226.78)
M6         | (577.67, 1226.78)
M6         | (548.16, 1051.57)
M6         | (387.78, 1226.78)
M6         | (426.78, 1226.78)
M6         | (482.725, 1226.78)
M6         | (451.575, 1051.57)
M6         | (292.835, 1226.78)
M6         | (331.835, 1226.78)
M6         | (261.39, 1051.57)
M6         | (359.135, 1051.57)
M6         | (141.945, 1226.78)
M6         | (197.89, 1226.78)
M6         | (236.89, 1226.78)
M6         | (166.795, 1051.57)
M6         | (47, 1226.78)
M6         | (102.945, 1226.78)
M6         | (71.7, 1051.57)
M6         | (521.725, 1027.62)
M6         | (577.67, 1027.62)
M6         | (387.78, 1027.62)
M6         | (426.78, 1027.62)
M6         | (482.725, 1027.62)
M6         | (292.835, 1027.62)
M6         | (331.835, 1027.62)
M6         | (141.945, 1027.62)
M6         | (197.89, 1027.62)
M6         | (236.89, 1027.62)
M6         | (47, 1027.62)
M6         | (102.945, 1027.62)

Found 69 weakly connected metal segments



* Dropped Voltage Sources

