POWER NET REPORT 
Generated Date: Thu Jun 19 07:16:30 2025
Host Name: 4f5323946af0


==============================
POWER NET 
==============================
Power Net: VDD
Voltage: 0.900
Threshold: 0.100


==============================
POWER-GRID VIEW
==============================
Power-Grid Views Used: 398


==============================
POWER-GRID ATTRIBUTES
==============================
Total Resistor Elements: 750035
    Please refer to ../VDD/grid.gif for more details
Top-level Resistor Elements:750035
Cell Library Resistor Elements: 0
Total Number of Current Taps: 222842
    Please refer to ../VDD/tc.gif for more details


==============================
IR DROP ANALYSIS
==============================
Layer based IR Drop Report: See Report
Minimum, Average, Maximum IR drop: 0.816V 0.843V 0.900V
    Please refer to ../VDD/ir_linear.gif for more details
Total Static Current Loaded: -0.35094210039824247A
Number of Violations: 0
    Please refer to ../VDD/ir_limit.gif for more details
Minimum, Average, Maximum Vsrc Current: -0.046234626322984695A, -0.019496783355457917A, -0.0046807224862277508A


==============================
EFFECTIVE RESISTANCE ANALYSIS
==============================
Minimum, Average, Maximum Reff: 11.7147312, 54.157261348969072, 184.55809


==============================
CURRENT DENSITY ANALYSIS
==============================
Minimum, Average, Maximum J/Jmax:
Number of Violations: 0
    Please refer to .//CORE_PG_25C_avg_1/Reports/VDD/rj.gif for more details


==============================
POWER SWITCH ANALYSIS
==============================
PowerGate Current I/Idsat violations: 
    Please refer to .//CORE_PG_25C_avg_1/Reports/VDD/pi.gif for more details
Minimum, Average, Maximum I/Idsat (pi): NA, NA, NA
Minimum, Average, Maximum IRdrop Across PowerGate (pv): 0, 0, 0
Power Switch ECO file for Soc Encounter: 


==============================
PACKAGE ANALYSIS
==============================
Voltage Drop Across Package (vu): NA, NA, NA


==============================
CAPACITANCE ANALYSIS
==============================
Decap Optimization method: area  
Total Coupling Capacitance: NA
    Please refer to ../VDD/dd.gif for more details
Grid Coupling Capacitance: NA
Gate Coupling Capacitance (internal): NA
Loading Coupling Capacitance: NA
Capacitance Offered by Placed Decaps: NA
Additional Capacitance Required: 0.000F
    Please refer to ../VDD/dr.gif for more details
Total Feasible Capacitance: 0.000F
Total Leakage Current of Placed Decaps: 0.000A
Total Leakage Current of ECO Decaps: 0.000A
What-if ECO File:   
SoC Encounter ECO File: .//CORE_PG_25C_avg_1//VDD/vs2fe_eco.tcl 


==============================
ADDITIONAL FILES
==============================
Instance Voltage File: .//CORE_PG_25C_avg_1/Reports/VDD/VDD.iv
Dynamic IR drop Waveform File (dynamic): 
Effective Instance Voltage File (dynamic): 

Summary: .//CORE_PG_25C_avg_1//VDD/results 


