Voltage source current:
      Range  Source       Source        Location    Layer
      Index  Current      Name          (um)
      -----  --------     -------------------------------
         6   -1.7067e-02A   VDDvsrc6   627.20, 540.10  M7
         6   -1.8027e-02A   VDDvsrc5   0.00, 540.10  M7
         8   -4.6807e-03A   VDDvsrc4   627.20, 360.90  M7
         8   -5.3630e-03A   VDDvsrc3   0.00, 360.90  M7
         8   -9.7616e-03A   VDDvsrc2   627.20, 181.70  M7
         7   -1.1110e-02A   VDDvsrc1   0.00, 181.70  M7
         4   -2.9899e-02A   VDDvsrc17   472.90, 0.00  M8
         2   -4.0794e-02A   VDDvsrc15   316.10, 0.00  M8
         4   -2.9711e-02A   VDDvsrc13   159.30, 0.00  M8
         7   -1.2036e-02A   VDDvsrc12   627.20, 1077.70  M7
         7   -1.2182e-02A   VDDvsrc11   0.00, 1077.70  M7
         8   -5.1737e-03A   VDDvsrc10   627.20, 898.50  M7
         8   -5.6067e-03A   VDDvsrc9   0.00, 898.50  M7
         6   -1.7582e-02A   VDDvsrc8   627.20, 719.30  M7
         6   -1.8262e-02A   VDDvsrc7   0.00, 719.30  M7
         3   -3.4743e-02A   VDDvsrc18   472.90, 1254.40  M8
         1   -4.6235e-02A   VDDvsrc16   316.10, 1254.40  M8
         3   -3.2709e-02A   VDDvsrc14   159.30, 1254.40  M8
*
* Data filtering results for voltage source current:
  Minimum, Average, Maximum Voltage Source Current: -46.235mA, -19.497mA, -4.681mA
  Total Current: -0.351A
    Range 1( -46.239mA  -   -41.040mA ):         1 (  5.56%)
    Range 2( -41.040mA  -   -35.846mA ):         1 (  5.56%)
    Range 3( -35.846mA  -   -30.652mA ):         2 ( 11.11%)
    Range 4( -30.652mA  -   -25.458mA ):         2 ( 11.11%)
    Range 5( -25.458mA  -   -20.263mA ):         0 (  0.00%)
    Range 6( -20.263mA  -   -15.069mA ):         4 ( 22.22%)
    Range 7( -15.069mA  -    -9.875mA ):         3 ( 16.67%)
    Range 8(  -9.875mA  -    -4.680mA ):         5 ( 27.78%)
