M1         | (1416.1, 3.6)
M6         | (1206.04, 277.385)
M6         | (1230.04, 277.385)
M6         | (1285.98, 277.385)
M6         | (990.2, 277.385)
M6         | (1046.14, 277.385)
M6         | (1070.14, 277.385)
M6         | (1126.09, 277.385)
M6         | (1150.09, 277.385)
M6         | (752.435, 277.385)
M6         | (776.435, 277.385)
M6         | (832.38, 277.385)
M6         | (536.6, 277.385)
M6         | (592.545, 277.385)
M6         | (616.545, 277.385)
M6         | (672.49, 277.385)
M6         | (696.49, 277.385)
M6         | (298.835, 277.385)
M6         | (322.835, 277.385)
M6         | (378.78, 277.385)
M6         | (242.89, 277.385)
M6         | (83, 277.385)
M6         | (138.945, 277.385)
M6         | (162.945, 277.385)
M6         | (218.89, 277.385)
M8         | (1303.45, 702)
M8         | (1303.45, 560.05)
M8         | (1303.45, 614.05)
M8         | (1303.45, 668.05)
M8         | (970.15, 702)
M8         | (970.15, 560.05)
M8         | (970.15, 614.05)
M8         | (970.15, 668.05)
M8         | (849.85, 702)
M8         | (849.85, 560.05)
M8         | (849.85, 614.05)
M8         | (849.85, 668.05)
M8         | (516.55, 702)
M8         | (516.55, 560.05)
M8         | (516.55, 614.05)
M8         | (516.55, 668.05)
M8         | (396.25, 702)
M8         | (396.25, 560.05)
M8         | (396.25, 614.05)
M8         | (396.25, 668.05)
M8         | (62.95, 702)
M8         | (62.95, 560.05)
M8         | (62.95, 614.05)
M8         | (62.95, 668.05)
M8         | (1303.45, 506.05)
M8         | (1303.45, 344.05)
M8         | (1303.45, 398.05)
M8         | (1303.45, 452.05)
M8         | (970.15, 506.05)
M8         | (970.15, 344.05)
M8         | (970.15, 398.05)
M8         | (970.15, 452.05)
M8         | (849.85, 506.05)
M8         | (849.85, 344.05)
M8         | (849.85, 398.05)
M8         | (849.85, 452.05)
M8         | (516.55, 506.05)
M8         | (516.55, 344.05)
M8         | (516.55, 398.05)
M8         | (516.55, 452.05)
M8         | (396.25, 506.05)
M8         | (396.25, 344.05)
M8         | (396.25, 398.05)
M8         | (396.25, 452.05)
M8         | (62.95, 506.05)
M8         | (62.95, 344.05)
M8         | (62.95, 398.05)
M8         | (62.95, 452.05)
M8         | (1317.35, 702)
M8         | (1381.85, 702)
M8         | (1303.45, 290.05)
M8         | (956.25, 702)
M8         | (970.15, 290.05)
M8         | (863.75, 702)
M8         | (928.25, 702)
M8         | (942.15, 702)
M8         | (849.85, 290.05)
M8         | (942.15, 74.05)
M8         | (488.55, 702)
M8         | (502.65, 702)
M8         | (516.55, 290.05)
M8         | (488.55, 74.05)
M8         | (474.65, 702)
M8         | (410.15, 702)
M8         | (396.25, 290.05)
M8         | (7.5, 700.2)
M8         | (34.95, 702)
M8         | (49.05, 702)
M8         | (62.95, 290.05)
M8         | (34.95, 74.05)
M9         | (1408.85, 218.25)
M8         | (1303.45, 1404)
M8         | (1303.45, 1316.05)
M8         | (1303.45, 1370.05)
M8         | (970.15, 1404)
M8         | (970.15, 1316.05)
M8         | (970.15, 1370.05)
M8         | (849.85, 1404)
M8         | (849.85, 1316.05)
M8         | (849.85, 1370.05)
M8         | (396.25, 1404)
M8         | (516.55, 1404)
M8         | (396.25, 1316.05)
M8         | (396.25, 1370.05)
M8         | (516.55, 1316.05)
M8         | (516.55, 1370.05)
M8         | (62.95, 1404)
M8         | (62.95, 1316.05)
M8         | (62.95, 1370.05)
M8         | (1303.45, 1262.05)
M8         | (1303.45, 1100.05)
M8         | (1303.45, 1154.05)
M8         | (1303.45, 1208.05)
M8         | (970.15, 1262.05)
M8         | (970.15, 1100.05)
M8         | (970.15, 1154.05)
M8         | (970.15, 1208.05)
M8         | (849.85, 1262.05)
M8         | (849.85, 1100.05)
M8         | (849.85, 1154.05)
M8         | (849.85, 1208.05)
M8         | (396.25, 1262.05)
M8         | (516.55, 1262.05)
M8         | (396.25, 1100.05)
M8         | (396.25, 1154.05)
M8         | (396.25, 1208.05)
M8         | (516.55, 1100.05)
M8         | (516.55, 1154.05)
M8         | (516.55, 1208.05)
M8         | (62.95, 1262.05)
M8         | (62.95, 1100.05)
M8         | (62.95, 1154.05)
M8         | (62.95, 1208.05)
M8         | (1317.35, 1404)
M8         | (1381.85, 1404)
M8         | (1303.45, 1046.05)
M8         | (1303.45, 938.05)
M8         | (928.25, 1404)
M8         | (942.15, 1404)
M8         | (956.25, 1404)
M8         | (970.15, 1046.05)
M8         | (942.15, 992.05)
M8         | (970.15, 938.05)
M8         | (863.75, 1404)
M8         | (849.85, 1046.05)
M8         | (849.85, 938.05)
M8         | (410.15, 1404)
M8         | (474.65, 1404)
M8         | (488.55, 1404)
M8         | (502.65, 1404)
M8         | (396.25, 1046.05)
M8         | (516.55, 1046.05)
M8         | (396.25, 938.05)
M8         | (488.55, 992.05)
M8         | (516.55, 938.05)
M8         | (34.95, 1404)
M8         | (49.05, 1404)
M8         | (62.95, 1046.05)
M8         | (34.95, 992.05)
M8         | (62.95, 938.05)
M8         | (1303.45, 884.05)
M8         | (1303.45, 776.05)
M8         | (1303.45, 830.05)
M8         | (970.15, 884.05)
M8         | (970.15, 776.05)
M8         | (970.15, 830.05)
M8         | (849.85, 884.05)
M8         | (849.85, 776.05)
M8         | (849.85, 830.05)
M8         | (396.25, 884.05)
M8         | (516.55, 884.05)
M8         | (396.25, 776.05)
M8         | (396.25, 830.05)
M8         | (516.55, 776.05)
M8         | (516.55, 830.05)
M8         | (62.95, 884.05)
M8         | (62.95, 776.05)
M8         | (62.95, 830.05)
M9         | (1408.85, 1136.25)
M6         | (1206.04, 2113.39)
M6         | (1230.04, 2113.39)
M6         | (1285.98, 2113.39)
M6         | (990.2, 2113.39)
M6         | (1046.14, 2113.39)
M6         | (1070.14, 2113.39)
M6         | (1126.09, 2113.39)
M6         | (1150.09, 2113.39)
M6         | (752.435, 2113.39)
M6         | (776.435, 2113.39)
M6         | (832.38, 2113.39)
M6         | (536.6, 2113.39)
M6         | (592.545, 2113.39)
M6         | (616.545, 2113.39)
M6         | (672.49, 2113.39)
M6         | (696.49, 2113.39)
M6         | (298.835, 2113.39)
M6         | (322.835, 2113.39)
M6         | (378.78, 2113.39)
M6         | (242.89, 2113.39)
M6         | (83, 2113.39)
M6         | (138.945, 2113.39)
M6         | (162.945, 2113.39)
M6         | (218.89, 2113.39)
M8         | (1303.45, 2106)
M8         | (1317.35, 2106)
M8         | (956.25, 2106)
M8         | (970.15, 2106)
M8         | (849.85, 2106)
M8         | (863.75, 2106)
M8         | (942.15, 2106)
M8         | (488.55, 2106)
M8         | (502.65, 2106)
M8         | (516.55, 2106)
M8         | (396.25, 2106)
M8         | (410.15, 2106)
M8         | (34.95, 2106)
M8         | (49.05, 2106)
M8         | (62.95, 2106)
M8         | (1381.85, 2106)
M8         | (1303.45, 1694.05)
M8         | (1303.45, 1748.05)
M8         | (1303.45, 1802.05)
M8         | (1303.45, 1856.05)
M8         | (970.15, 1694.05)
M8         | (970.15, 1748.05)
M8         | (970.15, 1802.05)
M8         | (970.15, 1856.05)
M8         | (928.25, 2106)
M8         | (942.15, 1910.05)
M8         | (849.85, 1694.05)
M8         | (849.85, 1748.05)
M8         | (849.85, 1802.05)
M8         | (849.85, 1856.05)
M8         | (488.55, 1910.05)
M8         | (516.55, 1694.05)
M8         | (516.55, 1748.05)
M8         | (516.55, 1802.05)
M8         | (516.55, 1856.05)
M8         | (474.65, 2106)
M8         | (396.25, 1694.05)
M8         | (396.25, 1748.05)
M8         | (396.25, 1802.05)
M8         | (396.25, 1856.05)
M8         | (34.95, 1910.05)
M8         | (62.95, 1694.05)
M8         | (62.95, 1748.05)
M8         | (62.95, 1802.05)
M8         | (62.95, 1856.05)
M8         | (1303.45, 1640.05)
M8         | (1303.45, 1478.05)
M8         | (1303.45, 1532.05)
M8         | (1303.45, 1586.05)
M8         | (970.15, 1640.05)
M8         | (970.15, 1478.05)
M8         | (970.15, 1532.05)
M8         | (970.15, 1586.05)
M8         | (849.85, 1640.05)
M8         | (849.85, 1478.05)
M8         | (849.85, 1532.05)
M8         | (849.85, 1586.05)
M8         | (516.55, 1640.05)
M8         | (516.55, 1478.05)
M8         | (516.55, 1532.05)
M8         | (516.55, 1586.05)
M8         | (396.25, 1640.05)
M8         | (396.25, 1478.05)
M8         | (396.25, 1532.05)
M8         | (396.25, 1586.05)
M8         | (62.95, 1640.05)
M8         | (62.95, 1478.05)
M8         | (62.95, 1532.05)
M8         | (62.95, 1586.05)
M9         | (1408.85, 2054.25)
M1         | (1416.1, 2804.4)
M8         | (1303.45, 2720.05)
M8         | (1303.45, 2774.05)
M8         | (849.85, 2720.05)
M8         | (849.85, 2774.05)
M8         | (970.15, 2720.05)
M8         | (970.15, 2774.05)
M8         | (396.25, 2720.05)
M8         | (396.25, 2774.05)
M8         | (516.55, 2720.05)
M8         | (516.55, 2774.05)
M8         | (62.95, 2720.05)
M8         | (62.95, 2774.05)
M8         | (1303.45, 2666.05)
M8         | (1303.45, 2396.05)
M8         | (1303.45, 2450.05)
M8         | (1303.45, 2504.05)
M8         | (1303.45, 2558.05)
M8         | (1303.45, 2612.05)
M8         | (849.85, 2666.05)
M8         | (970.15, 2666.05)
M8         | (849.85, 2396.05)
M8         | (849.85, 2450.05)
M8         | (849.85, 2504.05)
M8         | (849.85, 2558.05)
M8         | (849.85, 2612.05)
M8         | (970.15, 2396.05)
M8         | (970.15, 2450.05)
M8         | (970.15, 2504.05)
M8         | (970.15, 2558.05)
M8         | (970.15, 2612.05)
M8         | (396.25, 2666.05)
M8         | (516.55, 2666.05)
M8         | (396.25, 2396.05)
M8         | (396.25, 2450.05)
M8         | (396.25, 2504.05)
M8         | (396.25, 2558.05)
M8         | (396.25, 2612.05)
M8         | (516.55, 2396.05)
M8         | (516.55, 2450.05)
M8         | (516.55, 2504.05)
M8         | (516.55, 2558.05)
M8         | (516.55, 2612.05)
M8         | (62.95, 2666.05)
M8         | (62.95, 2396.05)
M8         | (62.95, 2450.05)
M8         | (62.95, 2504.05)
M8         | (62.95, 2558.05)
M8         | (62.95, 2612.05)
M8         | (1303.45, 2342.05)
M8         | (1303.45, 2180.05)
M8         | (1303.45, 2234.05)
M8         | (1303.45, 2288.05)
M8         | (849.85, 2342.05)
M8         | (970.15, 2342.05)
M8         | (849.85, 2180.05)
M8         | (849.85, 2234.05)
M8         | (849.85, 2288.05)
M8         | (970.15, 2180.05)
M8         | (970.15, 2234.05)
M8         | (970.15, 2288.05)
M8         | (396.25, 2342.05)
M8         | (516.55, 2342.05)
M8         | (396.25, 2180.05)
M8         | (396.25, 2234.05)
M8         | (396.25, 2288.05)
M8         | (516.55, 2180.05)
M8         | (516.55, 2234.05)
M8         | (516.55, 2288.05)
M8         | (62.95, 2342.05)
M8         | (62.95, 2180.05)
M8         | (62.95, 2234.05)
M8         | (62.95, 2288.05)

Found 351 weakly connected metal segments.

