M6         | (486.225, 407.1)
M6         | (518.225, 407.1)
M6         | (581.17, 407.1)
M6         | (549.725, 224.89)
M6         | (328.335, 407.1)
M6         | (391.28, 407.1)
M6         | (423.28, 407.1)
M6         | (360.755, 224.89)
M6         | (455.805, 224.89)
M6         | (201.39, 407.1)
M6         | (233.39, 407.1)
M6         | (296.335, 407.1)
M6         | (172.49, 224.89)
M6         | (266.835, 224.89)
M6         | (43.5, 407.1)
M6         | (106.445, 407.1)
M6         | (138.445, 407.1)
M6         | (78.2, 224.89)
M6         | (486.225, 207.85)
M6         | (518.225, 207.85)
M6         | (581.17, 207.85)
M6         | (328.335, 207.85)
M6         | (391.28, 207.85)
M6         | (423.28, 207.85)
M6         | (201.39, 207.85)
M6         | (233.39, 207.85)
M6         | (296.335, 207.85)
M6         | (43.5, 207.85)
M6         | (106.445, 207.85)
M6         | (138.445, 207.85)
M8         | (505.345, 627.2)
M8         | (599.115, 627.2)
M8         | (612.9, 547.73)
M8         | (409.87, 627.2)
M8         | (313.445, 627.2)
M8         | (220.795, 627.2)
M8         | (14.3, 547.73)
M8         | (32.27, 627.2)
M8         | (123.595, 627.2)
M6         | (518.225, 1230.24)
M6         | (581.17, 1230.24)
M6         | (551.76, 1048.07)
M6         | (391.28, 1230.24)
M6         | (423.28, 1230.24)
M6         | (486.225, 1230.24)
M6         | (455.175, 1048.07)
M6         | (296.335, 1230.24)
M6         | (328.335, 1230.24)
M6         | (264.99, 1048.07)
M6         | (362.735, 1048.07)
M6         | (138.445, 1230.24)
M6         | (201.39, 1230.24)
M6         | (233.39, 1230.24)
M6         | (170.395, 1048.07)
M6         | (43.5, 1230.24)
M6         | (106.445, 1230.24)
M6         | (75.3, 1048.07)
M6         | (518.225, 1031.07)
M6         | (581.17, 1031.07)
M6         | (391.28, 1031.07)
M6         | (423.28, 1031.07)
M6         | (486.225, 1031.07)
M6         | (296.335, 1031.07)
M6         | (328.335, 1031.07)
M6         | (138.445, 1031.07)
M6         | (201.39, 1031.07)
M6         | (233.39, 1031.07)
M6         | (43.5, 1031.07)
M6         | (106.445, 1031.07)

Found 69 weakly connected metal segments.

