POWER NET REPORT 
Generated Date: Thu Jun 19 07:16:27 2025
Host Name: 4f5323946af0


==============================
POWER NET 
==============================
Power Net: VSS
Voltage: 0.000
Threshold: 0.100


==============================
POWER-GRID VIEW
==============================
Power-Grid Views Used: 398


==============================
POWER-GRID ATTRIBUTES
==============================
Total Resistor Elements: 794542
    Please refer to ../VSS/grid.gif for more details
Top-level Resistor Elements:794542
Cell Library Resistor Elements: 0
Total Number of Current Taps: 222770
    Please refer to ../VSS/tc.gif for more details


==============================
IR DROP ANALYSIS
==============================
Layer based IR Drop Report: See Report
Minimum, Average, Maximum IR drop: 0.000V 53.625mV 80.386mV
    Please refer to ../VSS/ir_linear.gif for more details
Total Static Current Loaded: 0.35094198351725936A
Number of Violations: 0
    Please refer to ../VSS/ir_limit.gif for more details
Minimum, Average, Maximum Vsrc Current: 0.0071500586345791817A, 0.019496776862069964A, 0.043152395635843277A


==============================
EFFECTIVE RESISTANCE ANALYSIS
==============================
Minimum, Average, Maximum Reff: 10.9641771, 54.032929036584434, 194.082489


==============================
CURRENT DENSITY ANALYSIS
==============================
Minimum, Average, Maximum J/Jmax:
Number of Violations: 0
    Please refer to .//CORE_PG_25C_avg_1/Reports/VSS/rj.gif for more details


==============================
POWER SWITCH ANALYSIS
==============================
PowerGate Current I/Idsat violations: 
    Please refer to .//CORE_PG_25C_avg_1/Reports/VSS/pi.gif for more details
Minimum, Average, Maximum I/Idsat (pi): NA, NA, NA
Minimum, Average, Maximum IRdrop Across PowerGate (pv): 0, 0, 0
Power Switch ECO file for Soc Encounter: 


==============================
PACKAGE ANALYSIS
==============================
Voltage Drop Across Package (vu): NA, NA, NA


==============================
CAPACITANCE ANALYSIS
==============================
Decap Optimization method: area  
Total Coupling Capacitance: NA
    Please refer to ../VSS/dd.gif for more details
Grid Coupling Capacitance: NA
Gate Coupling Capacitance (internal): NA
Loading Coupling Capacitance: NA
Capacitance Offered by Placed Decaps: NA
Additional Capacitance Required: 0.000F
    Please refer to ../VSS/dr.gif for more details
Total Feasible Capacitance: 0.000F
Total Leakage Current of Placed Decaps: 0.000A
Total Leakage Current of ECO Decaps: 0.000A
What-if ECO File:   
SoC Encounter ECO File: .//CORE_PG_25C_avg_1//VSS/vs2fe_eco.tcl 


==============================
ADDITIONAL FILES
==============================
Instance Voltage File: .//CORE_PG_25C_avg_1/Reports/VSS/VSS.iv
Dynamic IR drop Waveform File (dynamic): 
Effective Instance Voltage File (dynamic): 

Summary: .//CORE_PG_25C_avg_1//VSS/results 


